==44089== Memcheck, a memory error detector
==44089== Copyright (C) 2002-2022, and GNU GPL'd, by Julian Seward et al.
==44089== Using Valgrind-3.20.0 and LibVEX; rerun with -h for copyright info
==44089== Command: ./main
==44089== Parent PID: 33452
==44089== 
==44089== Invalid write of size 4
==44089==    at 0x40187D: CyclicBuffer<int, std::allocator<int> >::insert(int const&) (in ${PATH}/Cyclic Buffer/main)
==44089==    by 0x4014E7: main (in ${PATH}/Cyclic Buffer/main)
==44089==  Address 0x4d9e504 is 0 bytes after a block of size 4 alloc'd
==44089==    at 0x4843FF5: operator new(unsigned long) (vg_replace_malloc.c:434)
==44089==    by 0x401AD7: std::__new_allocator<int>::allocate(unsigned long, void const*) (in ${PATH}/Cyclic Buffer/main)
==44089==    by 0x40184A: CyclicBuffer<int, std::allocator<int> >::insert(int const&) (in ${PATH}/Cyclic Buffer/main)
==44089==    by 0x4013CE: main (in ${PATH}/Cyclic Buffer/main)
==44089== 
==44089== Invalid write of size 4
==44089==    at 0x40187D: CyclicBuffer<int, std::allocator<int> >::insert(int const&) (in ${PATH}/Cyclic Buffer/main)
==44089==    by 0x401501: main (in ${PATH}/Cyclic Buffer/main)
==44089==  Address 0x4d9e508 is 4 bytes after a block of size 4 alloc'd
==44089==    at 0x4843FF5: operator new(unsigned long) (vg_replace_malloc.c:434)
==44089==    by 0x401AD7: std::__new_allocator<int>::allocate(unsigned long, void const*) (in ${PATH}/Cyclic Buffer/main)
==44089==    by 0x40184A: CyclicBuffer<int, std::allocator<int> >::insert(int const&) (in ${PATH}/Cyclic Buffer/main)
==44089==    by 0x4013CE: main (in ${PATH}/Cyclic Buffer/main)
==44089== 
==44089== Invalid write of size 4
==44089==    at 0x40187D: CyclicBuffer<int, std::allocator<int> >::insert(int const&) (in ${PATH}/Cyclic Buffer/main)
==44089==    by 0x40151B: main (in ${PATH}/Cyclic Buffer/main)
==44089==  Address 0x4d9e50c is 8 bytes after a block of size 4 alloc'd
==44089==    at 0x4843FF5: operator new(unsigned long) (vg_replace_malloc.c:434)
==44089==    by 0x401AD7: std::__new_allocator<int>::allocate(unsigned long, void const*) (in ${PATH}/Cyclic Buffer/main)
==44089==    by 0x40184A: CyclicBuffer<int, std::allocator<int> >::insert(int const&) (in ${PATH}/Cyclic Buffer/main)
==44089==    by 0x4013CE: main (in ${PATH}/Cyclic Buffer/main)
==44089== 
==44089== Invalid write of size 4
==44089==    at 0x40187D: CyclicBuffer<int, std::allocator<int> >::insert(int const&) (in ${PATH}/Cyclic Buffer/main)
==44089==    by 0x401535: main (in ${PATH}/Cyclic Buffer/main)
==44089==  Address 0x4d9e510 is 12 bytes after a block of size 4 alloc'd
==44089==    at 0x4843FF5: operator new(unsigned long) (vg_replace_malloc.c:434)
==44089==    by 0x401AD7: std::__new_allocator<int>::allocate(unsigned long, void const*) (in ${PATH}/Cyclic Buffer/main)
==44089==    by 0x40184A: CyclicBuffer<int, std::allocator<int> >::insert(int const&) (in ${PATH}/Cyclic Buffer/main)
==44089==    by 0x4013CE: main (in ${PATH}/Cyclic Buffer/main)
==44089== 
==44089== Invalid write of size 4
==44089==    at 0x40187D: CyclicBuffer<int, std::allocator<int> >::insert(int const&) (in ${PATH}/Cyclic Buffer/main)
==44089==    by 0x40154F: main (in ${PATH}/Cyclic Buffer/main)
==44089==  Address 0x4d9e514 is 16 bytes after a block of size 4 alloc'd
==44089==    at 0x4843FF5: operator new(unsigned long) (vg_replace_malloc.c:434)
==44089==    by 0x401AD7: std::__new_allocator<int>::allocate(unsigned long, void const*) (in ${PATH}/Cyclic Buffer/main)
==44089==    by 0x40184A: CyclicBuffer<int, std::allocator<int> >::insert(int const&) (in ${PATH}/Cyclic Buffer/main)
==44089==    by 0x4013CE: main (in ${PATH}/Cyclic Buffer/main)
==44089== 
==44089== Invalid write of size 4
==44089==    at 0x40187D: CyclicBuffer<int, std::allocator<int> >::insert(int const&) (in ${PATH}/Cyclic Buffer/main)
==44089==    by 0x401569: main (in ${PATH}/Cyclic Buffer/main)
==44089==  Address 0x4d9e518 is 20 bytes after a block of size 4 alloc'd
==44089==    at 0x4843FF5: operator new(unsigned long) (vg_replace_malloc.c:434)
==44089==    by 0x401AD7: std::__new_allocator<int>::allocate(unsigned long, void const*) (in ${PATH}/Cyclic Buffer/main)
==44089==    by 0x40184A: CyclicBuffer<int, std::allocator<int> >::insert(int const&) (in ${PATH}/Cyclic Buffer/main)
==44089==    by 0x4013CE: main (in ${PATH}/Cyclic Buffer/main)
==44089== 
==44089== Invalid read of size 4
==44089==    at 0x401926: CyclicBuffer<int, std::allocator<int> >::printBuffer() const (in ${PATH}/Cyclic Buffer/main)
==44089==    by 0x4015E1: main (in ${PATH}/Cyclic Buffer/main)
==44089==  Address 0x4d9e504 is 0 bytes after a block of size 4 alloc'd
==44089==    at 0x4843FF5: operator new(unsigned long) (vg_replace_malloc.c:434)
==44089==    by 0x401AD7: std::__new_allocator<int>::allocate(unsigned long, void const*) (in ${PATH}/Cyclic Buffer/main)
==44089==    by 0x40184A: CyclicBuffer<int, std::allocator<int> >::insert(int const&) (in ${PATH}/Cyclic Buffer/main)
==44089==    by 0x4013CE: main (in ${PATH}/Cyclic Buffer/main)
==44089== 
==44089== Invalid read of size 4
==44089==    at 0x401926: CyclicBuffer<int, std::allocator<int> >::printBuffer() const (in ${PATH}/Cyclic Buffer/main)
==44089==    by 0x401673: main (in ${PATH}/Cyclic Buffer/main)
==44089==  Address 0x4d9e504 is 0 bytes after a block of size 4 alloc'd
==44089==    at 0x4843FF5: operator new(unsigned long) (vg_replace_malloc.c:434)
==44089==    by 0x401AD7: std::__new_allocator<int>::allocate(unsigned long, void const*) (in ${PATH}/Cyclic Buffer/main)
==44089==    by 0x40184A: CyclicBuffer<int, std::allocator<int> >::insert(int const&) (in ${PATH}/Cyclic Buffer/main)
==44089==    by 0x4013CE: main (in ${PATH}/Cyclic Buffer/main)
==44089== 
==44089== 
==44089== HEAP SUMMARY:
==44089==     in use at exit: 0 bytes in 0 blocks
==44089==   total heap usage: 4 allocs, 4 frees, 74,752 bytes allocated
==44089== 
==44089== All heap blocks were freed -- no leaks are possible
==44089== 
==44089== ERROR SUMMARY: 18 errors from 8 contexts (suppressed: 0 from 0)
==44089== 
==44089== 1 errors in context 1 of 8:
==44089== Invalid write of size 4
==44089==    at 0x40187D: CyclicBuffer<int, std::allocator<int> >::insert(int const&) (in ${PATH}/Cyclic Buffer/main)
==44089==    by 0x401569: main (in ${PATH}/Cyclic Buffer/main)
==44089==  Address 0x4d9e518 is 20 bytes after a block of size 4 alloc'd
==44089==    at 0x4843FF5: operator new(unsigned long) (vg_replace_malloc.c:434)
==44089==    by 0x401AD7: std::__new_allocator<int>::allocate(unsigned long, void const*) (in ${PATH}/Cyclic Buffer/main)
==44089==    by 0x40184A: CyclicBuffer<int, std::allocator<int> >::insert(int const&) (in ${PATH}/Cyclic Buffer/main)
==44089==    by 0x4013CE: main (in ${PATH}/Cyclic Buffer/main)
==44089== 
==44089== 
==44089== 1 errors in context 2 of 8:
==44089== Invalid write of size 4
==44089==    at 0x40187D: CyclicBuffer<int, std::allocator<int> >::insert(int const&) (in ${PATH}/Cyclic Buffer/main)
==44089==    by 0x40154F: main (in ${PATH}/Cyclic Buffer/main)
==44089==  Address 0x4d9e514 is 16 bytes after a block of size 4 alloc'd
==44089==    at 0x4843FF5: operator new(unsigned long) (vg_replace_malloc.c:434)
==44089==    by 0x401AD7: std::__new_allocator<int>::allocate(unsigned long, void const*) (in ${PATH}/Cyclic Buffer/main)
==44089==    by 0x40184A: CyclicBuffer<int, std::allocator<int> >::insert(int const&) (in ${PATH}/Cyclic Buffer/main)
==44089==    by 0x4013CE: main (in ${PATH}/Cyclic Buffer/main)
==44089== 
==44089== 
==44089== 1 errors in context 3 of 8:
==44089== Invalid write of size 4
==44089==    at 0x40187D: CyclicBuffer<int, std::allocator<int> >::insert(int const&) (in ${PATH}/Cyclic Buffer/main)
==44089==    by 0x401535: main (in ${PATH}/Cyclic Buffer/main)
==44089==  Address 0x4d9e510 is 12 bytes after a block of size 4 alloc'd
==44089==    at 0x4843FF5: operator new(unsigned long) (vg_replace_malloc.c:434)
==44089==    by 0x401AD7: std::__new_allocator<int>::allocate(unsigned long, void const*) (in ${PATH}/Cyclic Buffer/main)
==44089==    by 0x40184A: CyclicBuffer<int, std::allocator<int> >::insert(int const&) (in ${PATH}/Cyclic Buffer/main)
==44089==    by 0x4013CE: main (in ${PATH}/Cyclic Buffer/main)
==44089== 
==44089== 
==44089== 1 errors in context 4 of 8:
==44089== Invalid write of size 4
==44089==    at 0x40187D: CyclicBuffer<int, std::allocator<int> >::insert(int const&) (in ${PATH}/Cyclic Buffer/main)
==44089==    by 0x40151B: main (in ${PATH}/Cyclic Buffer/main)
==44089==  Address 0x4d9e50c is 8 bytes after a block of size 4 alloc'd
==44089==    at 0x4843FF5: operator new(unsigned long) (vg_replace_malloc.c:434)
==44089==    by 0x401AD7: std::__new_allocator<int>::allocate(unsigned long, void const*) (in ${PATH}/Cyclic Buffer/main)
==44089==    by 0x40184A: CyclicBuffer<int, std::allocator<int> >::insert(int const&) (in ${PATH}/Cyclic Buffer/main)
==44089==    by 0x4013CE: main (in ${PATH}/Cyclic Buffer/main)
==44089== 
==44089== 
==44089== 1 errors in context 5 of 8:
==44089== Invalid write of size 4
==44089==    at 0x40187D: CyclicBuffer<int, std::allocator<int> >::insert(int const&) (in ${PATH}/Cyclic Buffer/main)
==44089==    by 0x401501: main (in ${PATH}/Cyclic Buffer/main)
==44089==  Address 0x4d9e508 is 4 bytes after a block of size 4 alloc'd
==44089==    at 0x4843FF5: operator new(unsigned long) (vg_replace_malloc.c:434)
==44089==    by 0x401AD7: std::__new_allocator<int>::allocate(unsigned long, void const*) (in ${PATH}/Cyclic Buffer/main)
==44089==    by 0x40184A: CyclicBuffer<int, std::allocator<int> >::insert(int const&) (in ${PATH}/Cyclic Buffer/main)
==44089==    by 0x4013CE: main (in ${PATH}/Cyclic Buffer/main)
==44089== 
==44089== 
==44089== 1 errors in context 6 of 8:
==44089== Invalid write of size 4
==44089==    at 0x40187D: CyclicBuffer<int, std::allocator<int> >::insert(int const&) (in ${PATH}/Cyclic Buffer/main)
==44089==    by 0x4014E7: main (in ${PATH}/Cyclic Buffer/main)
==44089==  Address 0x4d9e504 is 0 bytes after a block of size 4 alloc'd
==44089==    at 0x4843FF5: operator new(unsigned long) (vg_replace_malloc.c:434)
==44089==    by 0x401AD7: std::__new_allocator<int>::allocate(unsigned long, void const*) (in ${PATH}/Cyclic Buffer/main)
==44089==    by 0x40184A: CyclicBuffer<int, std::allocator<int> >::insert(int const&) (in ${PATH}/Cyclic Buffer/main)
==44089==    by 0x4013CE: main (in ${PATH}/Cyclic Buffer/main)
==44089== 
==44089== 
==44089== 6 errors in context 7 of 8:
==44089== Invalid read of size 4
==44089==    at 0x401926: CyclicBuffer<int, std::allocator<int> >::printBuffer() const (in ${PATH}/Cyclic Buffer/main)
==44089==    by 0x401673: main (in ${PATH}/Cyclic Buffer/main)
==44089==  Address 0x4d9e504 is 0 bytes after a block of size 4 alloc'd
==44089==    at 0x4843FF5: operator new(unsigned long) (vg_replace_malloc.c:434)
==44089==    by 0x401AD7: std::__new_allocator<int>::allocate(unsigned long, void const*) (in ${PATH}/Cyclic Buffer/main)
==44089==    by 0x40184A: CyclicBuffer<int, std::allocator<int> >::insert(int const&) (in ${PATH}/Cyclic Buffer/main)
==44089==    by 0x4013CE: main (in ${PATH}/Cyclic Buffer/main)
==44089== 
==44089== 
==44089== 6 errors in context 8 of 8:
==44089== Invalid read of size 4
==44089==    at 0x401926: CyclicBuffer<int, std::allocator<int> >::printBuffer() const (in ${PATH}/Cyclic Buffer/main)
==44089==    by 0x4015E1: main (in ${PATH}/Cyclic Buffer/main)
==44089==  Address 0x4d9e504 is 0 bytes after a block of size 4 alloc'd
==44089==    at 0x4843FF5: operator new(unsigned long) (vg_replace_malloc.c:434)
==44089==    by 0x401AD7: std::__new_allocator<int>::allocate(unsigned long, void const*) (in ${PATH}/Cyclic Buffer/main)
==44089==    by 0x40184A: CyclicBuffer<int, std::allocator<int> >::insert(int const&) (in ${PATH}/Cyclic Buffer/main)
==44089==    by 0x4013CE: main (in ${PATH}/Cyclic Buffer/main)
==44089== 
==44089== ERROR SUMMARY: 18 errors from 8 contexts (suppressed: 0 from 0)
